[2013-09-05 22:22:43] (ERROR @ /Anpasa/setup/index.php) Could not copy /Applications/XAMPP/xamppfiles/htdocs/Anpasa/core/packages/core/modContext/a7ccc959c8eb6f1841aef706ca1297ee/0/ to /Applications/XAMPP/xamppfiles/htdocs/Anpasa/index.php
[2013-09-05 22:22:43] (ERROR @ /Anpasa/setup/index.php) Could not copy /Applications/XAMPP/xamppfiles/htdocs/Anpasa/core/packages/core/modContext/a7ccc959c8eb6f1841aef706ca1297ee/1/ to /Applications/XAMPP/xamppfiles/htdocs/Anpasa/ht.access
[2013-09-05 22:22:43] (ERROR @ /Anpasa/setup/index.php) xPDOVehicle resolver failed: type php (/Applications/XAMPP/xamppfiles/htdocs/Anpasa/core/packages/core/modContext/a7ccc959c8eb6f1841aef706ca1297ee.resolve.core.resolver)
[2013-09-05 22:22:43] (ERROR @ /Anpasa/setup/index.php) Could not resolve vehicle for object of class modContext; criteria: Array
(
    [key] => web
)

[2013-09-05 22:22:43] (ERROR @ /Anpasa/setup/index.php) Could not copy /Applications/XAMPP/xamppfiles/htdocs/Anpasa/core/packages/core/modContext/ce42ccfd57af2a6d06239446ffa43da5/0/ to /Applications/XAMPP/xamppfiles/htdocs/Anpasa/manager/assets
[2013-09-05 22:22:43] (ERROR @ /Anpasa/setup/index.php) Could not copy /Applications/XAMPP/xamppfiles/htdocs/Anpasa/core/packages/core/modContext/ce42ccfd57af2a6d06239446ffa43da5/1/ to /Applications/XAMPP/xamppfiles/htdocs/Anpasa/manager/controllers
[2013-09-05 22:22:43] (ERROR @ /Anpasa/setup/index.php) Could not copy /Applications/XAMPP/xamppfiles/htdocs/Anpasa/core/packages/core/modContext/ce42ccfd57af2a6d06239446ffa43da5/2/ to /Applications/XAMPP/xamppfiles/htdocs/Anpasa/manager/templates
[2013-09-05 22:22:43] (ERROR @ /Anpasa/setup/index.php) Could not copy /Applications/XAMPP/xamppfiles/htdocs/Anpasa/core/packages/core/modContext/ce42ccfd57af2a6d06239446ffa43da5/3/ to /Applications/XAMPP/xamppfiles/htdocs/Anpasa/manager/min
[2013-09-05 22:22:43] (ERROR @ /Anpasa/setup/index.php) Could not copy /Applications/XAMPP/xamppfiles/htdocs/Anpasa/core/packages/core/modContext/ce42ccfd57af2a6d06239446ffa43da5/4/ to /Applications/XAMPP/xamppfiles/htdocs/Anpasa/manager/ht.access
[2013-09-05 22:22:43] (ERROR @ /Anpasa/setup/index.php) Could not copy /Applications/XAMPP/xamppfiles/htdocs/Anpasa/core/packages/core/modContext/ce42ccfd57af2a6d06239446ffa43da5/5/ to /Applications/XAMPP/xamppfiles/htdocs/Anpasa/manager/cache.manifest.php
[2013-09-05 22:22:43] (ERROR @ /Anpasa/setup/index.php) Could not copy /Applications/XAMPP/xamppfiles/htdocs/Anpasa/core/packages/core/modContext/ce42ccfd57af2a6d06239446ffa43da5/6/ to /Applications/XAMPP/xamppfiles/htdocs/Anpasa/manager/index.php
[2013-09-05 22:22:43] (ERROR @ /Anpasa/setup/index.php) Could not install files from /Applications/XAMPP/xamppfiles/htdocs/Anpasa/core/packages/core/xPDOFileVehicle/63fa446ab813698b5ab5f07944e09f73/ to /Applications/XAMPP/xamppfiles/htdocs/Anpasa/connectors/
[2013-09-05 22:22:43] (ERROR @ /Anpasa/setup/index.php) Could not install files from /Applications/XAMPP/xamppfiles/htdocs/Anpasa/core/packages/core/xPDOFileVehicle/51d4d7a482bdf58a01e11b4635f20fee/ to /Applications/XAMPP/xamppfiles/htdocs/Anpasa/connectors/
[2013-09-05 22:22:43] (ERROR @ /Anpasa/setup/index.php) Could not install files from /Applications/XAMPP/xamppfiles/htdocs/Anpasa/core/packages/core/xPDOFileVehicle/33f090df55120de5b431798b043a2ef0/ to /Applications/XAMPP/xamppfiles/htdocs/Anpasa/connectors/
[2013-09-05 22:22:43] (ERROR @ /Anpasa/setup/index.php) Could not install files from /Applications/XAMPP/xamppfiles/htdocs/Anpasa/core/packages/core/xPDOFileVehicle/fbcff2634fed12c671f8d8ab75892bad/ to /Applications/XAMPP/xamppfiles/htdocs/Anpasa/connectors/
[2013-09-05 22:22:43] (ERROR @ /Anpasa/setup/index.php) Could not install files from /Applications/XAMPP/xamppfiles/htdocs/Anpasa/core/packages/core/xPDOFileVehicle/4b15dfd7cd29b43d379ac6de2e7484bb/ to /Applications/XAMPP/xamppfiles/htdocs/Anpasa/connectors/
[2013-09-05 22:22:43] (ERROR @ /Anpasa/setup/index.php) Could not install files from /Applications/XAMPP/xamppfiles/htdocs/Anpasa/core/packages/core/xPDOFileVehicle/b5fa9ceb504abc65ee6ae302ca4a17c9/ to /Applications/XAMPP/xamppfiles/htdocs/Anpasa/connectors/
[2013-09-05 22:22:43] (ERROR @ /Anpasa/setup/index.php) Could not install files from /Applications/XAMPP/xamppfiles/htdocs/Anpasa/core/packages/core/xPDOFileVehicle/67bf8e1c6aced4437eef0e213ee1bf32/ to /Applications/XAMPP/xamppfiles/htdocs/Anpasa/connectors/
[2013-09-05 22:22:43] (ERROR @ /Anpasa/setup/index.php) Could not install files from /Applications/XAMPP/xamppfiles/htdocs/Anpasa/core/packages/core/xPDOFileVehicle/e2032a94b5b449ab433721feef02b4dc/ to /Applications/XAMPP/xamppfiles/htdocs/Anpasa/connectors/
[2013-09-05 22:22:43] (ERROR @ /Anpasa/setup/index.php) Could not install files from /Applications/XAMPP/xamppfiles/htdocs/Anpasa/core/packages/core/xPDOFileVehicle/9d9173a236ad99c60ca7f1e4796567b3/ to /Applications/XAMPP/xamppfiles/htdocs/Anpasa/connectors/
[2013-09-05 22:22:43] (ERROR @ /Anpasa/setup/index.php) Could not install files from /Applications/XAMPP/xamppfiles/htdocs/Anpasa/core/packages/core/xPDOFileVehicle/927337a7a8ebbfd5ef4617ebbf74178c/ to /Applications/XAMPP/xamppfiles/htdocs/Anpasa/connectors/
[2013-09-05 22:22:43] (ERROR @ /Anpasa/setup/index.php) Could not install files from /Applications/XAMPP/xamppfiles/htdocs/Anpasa/core/packages/core/xPDOFileVehicle/c43a5fb905527546db1541d67a1bbcdd/ to /Applications/XAMPP/xamppfiles/htdocs/Anpasa/connectors/
